<?xml version="1.0" encoding="UTF-8"?>
<testsuite name="Gradle test"
           tests="3"
           failures="0"
           errors="0"
           skipped="0"
           time="0.119">
  <properties />
  
  
            <testcase name="testDivide" time="0.051" classname="com.dev9.CalculatorTest" />
                <testcase name="testMultiply" time="0.001" classname="com.dev9.CalculatorTest" />
                <testcase name="testDivideByZero" time="0.067" classname="com.dev9.CalculatorTest" />
      
</testsuite>
